<?xml version="1.0" encoding="UTF-8"?>
<!-- Generated by org.testng.reporters.JUnitReportReporter -->
<testsuite hostname="DESKTOP-OKPTBTB" failures="0" tests="2" name="com.kaltura.userserviceNG.UserServiceNgApplicationTests" time="1.093" errors="0" timestamp="2021-12-20T13:39:03 IST" skipped="0">
  <testcase classname="com.kaltura.userserviceNG.UserServiceNgApplicationTests" name="testRegisterUser" time="0.828"/>
  <system-out/>
  <testcase classname="com.kaltura.userserviceNG.UserServiceNgApplicationTests" name="testLoginUser" time="0.265"/>
  <system-out/>
</testsuite> <!-- com.kaltura.userserviceNG.UserServiceNgApplicationTests -->
